app/build/outputs/mapping/release/seeds.txt
com.stockwatch.stockWatchIt.R$id: int textinput_error
com.stockwatch.stockWatchIt.R$id: int ghost_view
com.stockwatch.stockWatchIt.R$id: int line3
com.stockwatch.stockWatchIt.R$id: int info
com.stockwatch.stockWatchIt.R$id: int spread_inside
com.stockwatch.stockWatchIt.R$id: int scroll
com.stockwatch.stockWatchIt.R$id: int ws_navigation_drawer_page_indicator
com.stockwatch.stockWatchIt.R$id: int ws_nav_drawer_text_guide
com.stockwatch.stockWatchIt.R$id: int TOP_START
com.stockwatch.stockWatchIt.R$id: int fade
com.stockwatch.stockWatchIt.R$id: int content
com.stockwatch.stockWatchIt.R$id: int accessibility_custom_action_6
com.stockwatch.stockWatchIt.R$id: int alphabetViewD
com.stockwatch.stockWatchIt.R$id: int ws_nav_drawer_guide_bottom
com.stockwatch.stockWatchIt.R$id: int transition_scene_layoutid_cache
com.stockwatch.stockWatchIt.R$id: int ws_nav_drawer_icon_5
com.stockwatch.stockWatchIt.R$id: int accessibility_custom_action_24
com.stockwatch.stockWatchIt.R$id: int alphabetViewZ
com.stockwatch.stockWatchIt.R$id: int title_template
com.stockwatch.stockWatchIt.R$id: int alphabetViewR
com.stockwatch.stockWatchIt.R$id: int fill
com.stockwatch.stockWatchIt.R$id: int design_menu_item_action_area_stub
com.stockwatch.stockWatchIt.R$id: int transition_position
com.stockwatch.stockWatchIt.R$id: int text_input_end_icon
com.stockwatch.stockWatchIt.R$id: int action_bar_activity_content
com.stockwatch.stockWatchIt.R$id: int accessibility_custom_action_10
com.stockwatch.stockWatchIt.R$id: int tag_transition_group
com.stockwatch.stockWatchIt.R$id: int on
com.stockwatch.stockWatchIt.R$id: int contentPanel
com.stockwatch.stockWatchIt.R$id: int ws_action_drawer_title
com.stockwatch.stockWatchIt.R$id: int action_divider
com.stockwatch.stockWatchIt.R$id: int multiPage
com.stockwatch.stockWatchIt.R$id: int textViewTime
com.stockwatch.stockWatchIt.R$id: int forever
com.stockwatch.stockWatchIt.R$id: int alphabetViewS
com.stockwatch.stockWatchIt.R$id: int alphabetViewP
com.stockwatch.stockWatchIt.R$id: int date_picker_actions
com.stockwatch.stockWatchIt.R$id: int alertTitle
com.stockwatch.stockWatchIt.R$id: int end
com.stockwatch.stockWatchIt.R$id: int mtrl_calendar_selection_frame
com.stockwatch.stockWatchIt.R$id: int textViewStockArrangementAlphabetically
com.stockwatch.stockWatchIt.R$id: int top
com.stockwatch.stockWatchIt.R$id: int textViewStockNameSelected
com.stockwatch.stockWatchIt.R$id: int container
com.stockwatch.stockWatchIt.R$id: int blocking
com.stockwatch.stockWatchIt.R$id: int textViewPoints
com.stockwatch.stockWatchIt.R$id: int accessibility_custom_action_31
com.stockwatch.stockWatchIt.R$id: int cardViewFavourite
com.stockwatch.stockWatchIt.AlphabetView: AlphabetView(android.content.Context,android.util.AttributeSet)
com.stockwatch.stockWatchIt.R$id: int mtrl_calendar_frame
com.stockwatch.stockWatchIt.R$id: int action_bar
com.stockwatch.stockWatchIt.R$id: int SYM
com.stockwatch.stockWatchIt.R$id: int month_title
com.stockwatch.stockWatchIt.R$id: int homeAsUp
com.stockwatch.stockWatchIt.StockMarketArangementActivity: void onClick(android.view.View)
com.stockwatch.stockWatchIt.R$id: int wearable_support_nav_drawer_icon_2
com.stockwatch.stockWatchIt.R$id: int ws_nav_drawer_text
com.stockwatch.stockWatchIt.R$id: int message
com.stockwatch.stockWatchIt.R$id: int mtrl_picker_fullscreen
com.stockwatch.stockWatchIt.R$id: int stretch
com.stockwatch.stockWatchIt.R$id: int accessibility_custom_action_15
com.stockwatch.stockWatchIt.R$id: int mtrl_calendar_months
com.stockwatch.stockWatchIt.R$id: int month_navigation_bar
com.stockwatch.stockWatchIt.R$id: int action_mode_bar_stub
com.stockwatch.stockWatchIt.R$id: int mtrl_card_checked_layer_id
com.stockwatch.stockWatchIt.R$id: int month_navigation_previous
com.stockwatch.stockWatchIt.R$id: int textEnd
com.stockwatch.stockWatchIt.R$id: int right_icon
com.stockwatch.stockWatchIt.R$id: int fixed
com.stockwatch.stockWatchIt.R$id: int textViewItemsNotFound
...
com.google.android.material.R$style: int ThemeOverlay_AppCompat_DayNight_ActionBar
androidx.wear.R$styleable: int[] CoordinatorLayout_Layout
androidx.wear.R$styleable: int ConstraintSet_layout_constraintCircleAngle
android.support.wearable.R$styleable: int PageIndicatorView_wsPageIndicatorDotShadowDx
com.google.android.material.R$attr: int buttonPanelSideLayout
androidx.appcompat.R$style: int Widget_AppCompat_Light_PopupMenu
android.support.wearable.R$styleable: int ProgressSpinner_color_sequence
androidx.work.ArrayCreatingInputMerger: ArrayCreatingInputMerger()
com.google.android.material.chip.Chip: void setTextEndPaddingResource(int)
androidx.appcompat.R$color: int abc_secondary_text_material_dark
com.google.android.material.R$dimen: int mtrl_bottomappbar_fab_cradle_vertical_offset
android.support.wearable.R$styleable: int WearableFrameLayout_layout_widthRound
androidx.appcompat.R$color: int secondary_text_disabled_material_dark
com.google.android.material.R$styleable: int[] Toolbar
androidx.wear.R$styleable: int ConstraintSet_layout_editor_absoluteX
androidx.appcompat.widget.AppCompatButton: android.content.res.ColorStateList getSupportBackgroundTintList()
androidx.work.impl.foreground.SystemForegroundService
androidx.appcompat.widget.AppCompatCheckBox: int getCompoundPaddingLeft()
com.google.android.material.card.MaterialCardView: float getCardViewRadius()
android.support.wearable.R$style: int Widget_AppCompat_RatingBar_Indicator
android.support.wearable.R$styleable: int TextAppearance_android_shadowDx
com.google.android.material.R$color: int design_fab_stroke_top_outer_color
android.support.wearable.R$styleable: int WearableRecyclerView_bezel_width
com.google.android.material.R$styleable: int ActionBar_homeAsUpIndicator
com.google.android.material.R$attr: int colorOnSurface
android.support.wearable.R$string: int time_difference_now
androidx.appcompat.R$styleable: int AppCompatTextView_drawableLeftCompat
com.google.android.material.R$id: int up
androidx.recyclerview.widget.RecyclerView: androidx.recyclerview.widget.RecyclerView$ViewHolder findContainingViewHolder(android.view.View)
androidx.appcompat.R$attr: int textAppearanceListItem
androidx.appcompat.R$styleable: int ActionMode_height
com.google.android.material.R$style: int Base_ThemeOverlay_AppCompat_Dark_ActionBar
android.support.wearable.complications.rendering.ComplicationDrawable: boolean mIsHighlighted
com.google.android.material.R$attr: int actionMenuTextAppearance
android.support.wearable.R$style: int TextAppearance_Widget_AppCompat_Toolbar_Subtitle
com.google.android.material.chip.Chip: void setMinLines(int)
androidx.lifecycle.CompositeGeneratedAdaptersObserver
androidx.appcompat.R$style: int Base_Theme_AppCompat_Light_Dialog_Alert
androidx.coordinatorlayout.R$attr: int statusBarBackground
com.google.android.material.R$dimen: int mtrl_navigation_item_shape_vertical_margin
android.support.v4.media.MediaBrowserCompat$MediaItem: android.os.Parcelable$Creator CREATOR
android.support.wearable.R$style: int Base_Widget_AppCompat_ListPopupWindow
androidx.recyclerview.widget.RecyclerView: void onExitLayoutOrScroll(boolean)
android.support.wearable.R$drawable: int abc_ic_clear_material
androidx.appcompat.R$attr: int alertDialogButtonGroupStyle
androidx.appcompat.widget.AppCompatCheckBox: android.graphics.PorterDuff$Mode getSupportButtonTintMode()
androidx.core.R$attr: int fontProviderFetchTimeout
com.google.android.material.R$attr: int actionModePasteDrawable
androidx.appcompat.widget.AppCompatRadioButton: void setSupportButtonTintList(android.content.res.ColorStateList)
androidx.appcompat.widget.AppCompatMultiAutoCompleteTextView
androidx.constraintlayout.widget.R$styleable: int ConstraintSet_layout_constraintVertical_chainStyle
com.google.android.material.R$dimen: int abc_action_bar_elevation_material
androidx.appcompat.R$drawable: int abc_list_selector_background_transition_holo_light
com.google.android.material.R$layout: int text_view_without_line_height