app/build/outputs/mapping/release/usage.txt
com.stockwatch.stockWatchIt.ArrangementAlphabeticallyActivity:
    public final int getStockMarketID()
    public final void setStockMarketID(int)
    public final java.lang.String getStockMarketName()
    public final void setStockMarketName(java.lang.String)
    public void _$_clearFindViewByIdCache()
com.stockwatch.stockWatchIt.StockCalculator:
    public void <init>()
com.stockwatch.stockWatchIt.R
com.stockwatch.stockWatchIt.AlphabetView:
    public android.view.View _$_findCachedViewById(int)
    public void _$_clearFindViewByIdCache()
    private java.util.HashMap _$_findViewCache
com.stockwatch.stockWatchIt.R$interpolator
com.stockwatch.stockWatchIt.R$mipmap
com.stockwatch.stockWatchIt.HelperClass:
    public void <init>()
com.stockwatch.stockWatchIt.R$anim
com.stockwatch.stockWatchIt.R$dimen
com.stockwatch.stockWatchIt.R$style
com.stockwatch.stockWatchIt.R$integer
com.stockwatch.stockWatchIt.R$animator
com.stockwatch.stockWatchIt.R$bool
com.stockwatch.stockWatchIt.R$font
com.stockwatch.stockWatchIt.R$styleable
com.stockwatch.stockWatchIt.R$drawable
com.stockwatch.stockWatchIt.R$xml
com.stockwatch.stockWatchIt.RawStock:
    public static synthetic com.stockwatch.stockWatchIt.RawStock copy$default(com.stockwatch.stockWatchIt.RawStock,boolean,java.lang.String,int,java.lang.Object)
    public final kotlin.jvm.internal.IntCompanionObject getID()
    public final void setID(kotlin.jvm.internal.IntCompanionObject)
    public final void setSymbol(java.lang.String)
    public final boolean component1()
    public final java.lang.String component2()
    public final com.stockwatch.stockWatchIt.RawStock copy(boolean,java.lang.String)
com.stockwatch.stockWatchIt.SelectedStockAdapter:
    public final android.content.Context getContext()
    public final java.util.List getListOfSelectedStocks()
com.stockwatch.stockWatchIt.R$attr
com.stockwatch.stockWatchIt.R$plurals
com.stockwatch.stockWatchIt.StocksActivity:
    public final int getStockMarketID()
    public final void setStockMarketID(int)
    public final void setTempStocksList(java.util.ArrayList)
    public final java.lang.String getAlphabet()
    public final void setAlphabet(java.lang.String)
    public void _$_clearFindViewByIdCache()
com.stockwatch.stockWatchIt.R$id:
    private void <init>()
com.stockwatch.stockWatchIt.NetworkingHelperClass:
    public final void startJob()
com.stockwatch.stockWatchIt.StockMarketArangementActivity:
    public void _$_clearFindViewByIdCache()
com.stockwatch.stockWatchIt.R$string
com.stockwatch.stockWatchIt.R$array
com.stockwatch.stockWatchIt.MainActivity:
    public final com.stockwatch.stockWatchIt.NetworkingHelperClass getNetworkingHelperClass()
    public final void setNetworkingHelperClass(com.stockwatch.stockWatchIt.NetworkingHelperClass)
    public void _$_clearFindViewByIdCache()
com.stockwatch.stockWatchIt.R$fraction
com.stockwatch.stockWatchIt.R$color
com.stockwatch.stockWatchIt.BuildConfig
com.stockwatch.stockWatchIt.R$layout
com.stockwatch.stockWatchIt.ArrangementAlphabeticallyActivity:
    public final void getIntentData()
    public final void initAlphabetViews()
com.stockwatch.stockWatchIt.StockCalculator
com.stockwatch.stockWatchIt.HelperClass
com.stockwatch.stockWatchIt.StockCalculator$Companion
com.stockwatch.stockWatchIt.SelectedStockViewHolder:
    public final android.widget.TextView getTextViewStockNameSelected()
    public final android.widget.ImageView getImageViewUp()
    public final android.widget.TextView getTextViewPoints()
com.stockwatch.stockWatchIt.NetworkOperations
com.stockwatch.stockWatchIt.NetworkOperations$startNetworkRequest$2:
    public int label
com.stockwatch.stockWatchIt.ViewHolder:
    public final android.widget.TextView getTextViewUnselectedName()
    public final android.widget.ImageView getImageViewCheck()
    public final android.widget.RelativeLayout getRelativeLayoutStockItem()
com.stockwatch.stockWatchIt.NetworkOperations$startNetworkRequest$1:
    public int label
...
com.google.android.gms.common.stats.StatsUtils
androidx.wear.widget.drawer.WearableDrawerLayout$TopDrawerDraggerCallback
kotlinx.coroutines.internal.Symbol:
    public final java.lang.Object unbox(java.lang.Object)
    public final java.lang.String getSymbol()
kotlin.Experimental
com.fasterxml.jackson.core.Base64Variants:
    public void <init>()
    public static com.fasterxml.jackson.core.Base64Variant valueOf(java.lang.String)
    static final java.lang.String STD_BASE64_ALPHABET
com.google.android.gms.tasks.OnCompleteListener
com.google.android.gms.common.api.internal.zzb
com.androidnetworking.common.ANRequest$DownloadBuilder
com.google.android.gms.wearable.ChannelClient$CloseReason
android.support.wearable.R$fraction
androidx.percentlayout.R$integer
android.support.wearable.authentication.OAuthClient$Callback
androidx.recyclerview.widget.RecyclerView$Adapter:
    public final void notifyItemChanged(int)
    public final void notifyItemChanged(int,java.lang.Object)
    public final void notifyItemRangeChanged(int,int)
    public final void notifyItemRangeChanged(int,int,java.lang.Object)
    public final void notifyItemInserted(int)
    public final void notifyItemMoved(int,int)
    public final void notifyItemRangeInserted(int,int)
    public final void notifyItemRemoved(int)
    public final void notifyItemRangeRemoved(int,int)
kotlin.io.FilesKt__FileReadWriteKt
com.google.android.gms.common.internal.zzm
androidx.fragment.app.Fragment:
    public void <init>(int)
    public static androidx.fragment.app.Fragment instantiate(android.content.Context,java.lang.String)
    public androidx.lifecycle.LifecycleOwner getViewLifecycleOwner()
    public androidx.lifecycle.LiveData getViewLifecycleOwnerLiveData()
    public final int getId()
    public final java.lang.String getTag()
    public final android.os.Bundle requireArguments()
    public void setInitialSavedState(androidx.fragment.app.Fragment$SavedState)
    public void setTargetFragment(androidx.fragment.app.Fragment,int)
    public final int getTargetRequestCode()
    public final java.lang.Object requireHost()
    public final java.lang.CharSequence getText(int)
    public final varargs java.lang.String getString(int,java.lang.Object[])
    public final androidx.fragment.app.Fragment requireParentFragment()
    public final boolean isAdded()
    public final boolean isDetached()
    public final boolean isRemoving()
    public final boolean isInLayout()
    public final boolean isResumed()
    public final boolean isVisible()
    public final boolean isHidden()
    public final boolean hasOptionsMenu()
    public final boolean isMenuVisible()
    public void setRetainInstance(boolean)
    public void setHasOptionsMenu(boolean)
    public void setMenuVisibility(boolean)
    public void setUserVisibleHint(boolean)
    public boolean getUserVisibleHint()
    public androidx.loader.app.LoaderManager getLoaderManager()
kotlin.coroutines.jvm.internal.SuspendFunction
androidx.room.DatabaseView
androidx.media.MediaSessionManager
android.support.v4.media.RatingCompat$StarStyle
androidx.wear.internal.widget.drawer.MultiPagePresenter$Ui
kotlin.LateinitKt
com.google.android.material.shape.ShapePathModel
com.google.android.gms.tasks.zzk
kotlinx.coroutines.channels.ChannelsKt__Channels_commonKt$filterNotNull$1
kotlinx.coroutines.flow.FlowKt__MergeKt$flattenConcat$$inlined$unsafeFlow$1$lambda$1
com.google.android.gms.internal.wearable.zzm
androidx.core.ktx.R$string
kotlin.jvm.internal.Ref$LongRef
kotlinx.coroutines.flow.internal.FlowCoroutineKt$scopedFlow$$inlined$unsafeFlow$1$lambda$1